
[2026-02-09 21:25:54] [INFO] Checking Python service status...
[2026-02-09 21:25:54] [DEBUG] Socket available on attempt 1
[2026-02-09 21:25:54] [DEBUG] Initializing database...
[2026-02-09 21:25:54] [DEBUG] Database initialized successfully
[2026-02-09 21:25:54] [INFO] Page Request: Case Detail {"case_id":1}
[2026-02-09 21:25:55] [INFO] Checking Python service status...
[2026-02-09 21:25:55] [DEBUG] Socket available on attempt 1
[2026-02-09 21:25:55] [DEBUG] Initializing database...
[2026-02-09 21:25:55] [DEBUG] Database initialized successfully
[2026-02-09 21:25:55] [INFO] API Request START {"path":"\/api\/documents","method":"POST","query_string":"","content_type":"application\/json","content_length":"15"}
[2026-02-09 21:25:55] [DEBUG] socket_client.php START {"action":"documents"}
[2026-02-09 21:25:55] [DEBUG] Processing action {"action":"documents"}
[2026-02-09 21:56:30] [INFO] Checking Python service status...
[2026-02-09 21:56:30] [DEBUG] Socket available on attempt 1
[2026-02-09 21:56:30] [DEBUG] Initializing database...
[2026-02-09 21:56:30] [DEBUG] Database initialized successfully
[2026-02-09 21:56:30] [INFO] Page Request: Case Detail {"case_id":1}
[2026-02-09 21:56:30] [INFO] Checking Python service status...
[2026-02-09 21:56:30] [DEBUG] Socket available on attempt 1
[2026-02-09 21:56:30] [DEBUG] Initializing database...
[2026-02-09 21:56:30] [DEBUG] Database initialized successfully
[2026-02-09 21:56:30] [INFO] API Request START {"path":"\/api\/documents","method":"POST","query_string":"","content_type":"application\/json","content_length":"15"}
[2026-02-09 21:56:30] [DEBUG] socket_client.php START {"action":"documents"}
[2026-02-09 21:56:30] [DEBUG] Processing action {"action":"documents"}
[2026-02-09 21:56:49] [INFO] Checking Python service status...
[2026-02-09 21:56:49] [DEBUG] Socket available on attempt 1
[2026-02-09 21:56:49] [DEBUG] Initializing database...
[2026-02-09 21:56:49] [DEBUG] Database initialized successfully
[2026-02-09 21:56:49] [INFO] API Request START {"path":"\/api\/upload_init","method":"POST","query_string":"","content_type":"application\/json","content_length":"123"}
[2026-02-09 21:56:49] [DEBUG] socket_client.php START {"action":"upload_init"}
[2026-02-09 21:56:49] [DEBUG] Processing action {"action":"upload_init"}
[2026-02-09 21:56:50] [INFO] Checking Python service status...
[2026-02-09 21:56:50] [DEBUG] Socket available on attempt 1
[2026-02-09 21:56:50] [DEBUG] Initializing database...
[2026-02-09 21:56:50] [DEBUG] Database initialized successfully
[2026-02-09 21:56:50] [INFO] API Request START {"path":"\/api\/upload_status","method":"GET","query_string":"upload_id=c70e67ef-bbb1-4ec1-9f9a-349d54c1450d","content_type":"N\/A","content_length":"N\/A"}
[2026-02-09 21:56:50] [DEBUG] socket_client.php START {"action":"upload_status"}
[2026-02-09 21:56:50] [DEBUG] Processing action {"action":"upload_status"}
[2026-02-09 21:56:50] [INFO] Checking Python service status...
[2026-02-09 21:56:50] [DEBUG] Socket available on attempt 1
[2026-02-09 21:56:50] [DEBUG] Initializing database...
[2026-02-09 21:56:50] [DEBUG] Database initialized successfully
[2026-02-09 21:56:50] [INFO] API Request START {"path":"\/api\/upload_complete","method":"POST","query_string":"","content_type":"application\/json","content_length":"66"}
[2026-02-09 21:56:50] [DEBUG] socket_client.php START {"action":"upload_complete"}
[2026-02-09 21:56:50] [DEBUG] Processing action {"action":"upload_complete"}
[2026-02-09 21:56:50] [INFO] Checking Python service status...
[2026-02-09 21:56:50] [DEBUG] Socket available on attempt 1
[2026-02-09 21:56:50] [DEBUG] Initializing database...
[2026-02-09 21:56:50] [DEBUG] Database initialized successfully
[2026-02-09 21:56:50] [INFO] API Request START {"path":"\/api\/documents","method":"POST","query_string":"","content_type":"application\/json","content_length":"15"}
[2026-02-09 21:56:50] [DEBUG] socket_client.php START {"action":"documents"}
[2026-02-09 21:56:50] [DEBUG] Processing action {"action":"documents"}
[2026-02-09 21:57:05] [INFO] Checking Python service status...
[2026-02-09 21:57:05] [DEBUG] Socket available on attempt 1
[2026-02-09 21:57:05] [DEBUG] Initializing database...
[2026-02-09 21:57:05] [DEBUG] Database initialized successfully
[2026-02-09 21:57:05] [INFO] API Request START {"path":"\/api\/upload_init","method":"POST","query_string":"","content_type":"application\/json","content_length":"114"}
[2026-02-09 21:57:05] [DEBUG] socket_client.php START {"action":"upload_init"}
[2026-02-09 21:57:05] [DEBUG] Processing action {"action":"upload_init"}
[2026-02-09 21:57:05] [INFO] Checking Python service status...
[2026-02-09 21:57:05] [DEBUG] Socket available on attempt 1
[2026-02-09 21:57:05] [DEBUG] Initializing database...
[2026-02-09 21:57:05] [DEBUG] Database initialized successfully
[2026-02-09 21:57:05] [INFO] API Request START {"path":"\/api\/upload_status","method":"GET","query_string":"upload_id=7a7e29ed-6c76-48d8-b402-e1850ebb0089","content_type":"N\/A","content_length":"N\/A"}
[2026-02-09 21:57:05] [DEBUG] socket_client.php START {"action":"upload_status"}
[2026-02-09 21:57:05] [DEBUG] Processing action {"action":"upload_status"}
[2026-02-09 21:57:06] [INFO] Checking Python service status...
[2026-02-09 21:57:06] [DEBUG] Socket available on attempt 1
[2026-02-09 21:57:06] [DEBUG] Initializing database...
[2026-02-09 21:57:06] [DEBUG] Database initialized successfully
[2026-02-09 21:57:06] [INFO] API Request START {"path":"\/api\/upload_complete","method":"POST","query_string":"","content_type":"application\/json","content_length":"66"}
[2026-02-09 21:57:06] [DEBUG] socket_client.php START {"action":"upload_complete"}
[2026-02-09 21:57:06] [DEBUG] Processing action {"action":"upload_complete"}
[2026-02-09 21:57:06] [INFO] Checking Python service status...
[2026-02-09 21:57:06] [DEBUG] Socket available on attempt 1
[2026-02-09 21:57:06] [DEBUG] Initializing database...
[2026-02-09 21:57:06] [DEBUG] Database initialized successfully
[2026-02-09 21:57:06] [INFO] API Request START {"path":"\/api\/documents","method":"POST","query_string":"","content_type":"application\/json","content_length":"15"}
[2026-02-09 21:57:06] [DEBUG] socket_client.php START {"action":"documents"}
[2026-02-09 21:57:06] [DEBUG] Processing action {"action":"documents"}
[2026-02-09 21:57:11] [INFO] Checking Python service status...
[2026-02-09 21:57:11] [DEBUG] Socket available on attempt 1
[2026-02-09 21:57:11] [DEBUG] Initializing database...
[2026-02-09 21:57:11] [DEBUG] Database initialized successfully
[2026-02-09 21:57:11] [INFO] API Request START {"path":"\/api\/search","method":"POST","query_string":"","content_type":"application\/json","content_length":"33"}
[2026-02-09 21:57:11] [DEBUG] socket_client.php START {"action":"search"}
[2026-02-09 21:57:11] [DEBUG] Processing action {"action":"search"}
[2026-02-09 21:58:08] [INFO] Checking Python service status...
[2026-02-09 21:58:08] [DEBUG] Socket available on attempt 1
[2026-02-09 21:58:08] [DEBUG] Initializing database...
[2026-02-09 21:58:08] [DEBUG] Database initialized successfully
[2026-02-09 21:58:08] [INFO] Page Request: Case Detail {"case_id":1}
[2026-02-09 21:58:09] [INFO] Checking Python service status...
[2026-02-09 21:58:09] [DEBUG] Socket available on attempt 1
[2026-02-09 21:58:09] [DEBUG] Initializing database...
[2026-02-09 21:58:09] [DEBUG] Database initialized successfully
[2026-02-09 21:58:09] [INFO] API Request START {"path":"\/api\/documents","method":"POST","query_string":"","content_type":"application\/json","content_length":"15"}
[2026-02-09 21:58:09] [DEBUG] socket_client.php START {"action":"documents"}
[2026-02-09 21:58:09] [DEBUG] Processing action {"action":"documents"}
[2026-02-09 22:08:58] [INFO] Checking Python service status...
[2026-02-09 22:08:58] [DEBUG] Socket available on attempt 1
[2026-02-09 22:08:58] [DEBUG] Initializing database...
[2026-02-09 22:08:58] [DEBUG] Database initialized successfully
[2026-02-09 22:08:58] [INFO] Page Request: 404 {"path":"\/media\/system\/js\/core.js"}
[2026-02-09 22:08:59] [INFO] Checking Python service status...
[2026-02-09 22:08:59] [DEBUG] Socket available on attempt 1
[2026-02-09 22:08:59] [DEBUG] Initializing database...
[2026-02-09 22:08:59] [DEBUG] Database initialized successfully
[2026-02-09 22:08:59] [INFO] Page Request: 404 {"path":"\/wp-includes\/js\/jquery\/jquery.js"}
[2026-02-09 22:44:39] [INFO] Checking Python service status...
[2026-02-09 22:44:39] [DEBUG] Socket available on attempt 1
[2026-02-09 22:44:39] [DEBUG] Initializing database...
[2026-02-09 22:44:39] [DEBUG] Database initialized successfully
[2026-02-09 22:44:39] [INFO] Page Request: Case Detail {"case_id":1}
[2026-02-09 22:44:40] [INFO] Checking Python service status...
[2026-02-09 22:44:40] [DEBUG] Socket available on attempt 1
[2026-02-09 22:44:40] [DEBUG] Initializing database...
[2026-02-09 22:44:40] [DEBUG] Database initialized successfully
[2026-02-09 22:44:40] [INFO] API Request START {"path":"\/api\/documents","method":"POST","query_string":"","content_type":"application\/json","content_length":"15"}
[2026-02-09 22:44:40] [DEBUG] socket_client.php START {"action":"documents"}
[2026-02-09 22:44:40] [DEBUG] Processing action {"action":"documents"}
[2026-02-09 22:44:46] [INFO] Checking Python service status...
[2026-02-09 22:44:46] [DEBUG] Socket available on attempt 1
[2026-02-09 22:44:46] [DEBUG] Initializing database...
[2026-02-09 22:44:46] [DEBUG] Database initialized successfully
[2026-02-09 22:44:46] [INFO] API Request START {"path":"\/api\/upload_init","method":"POST","query_string":"","content_type":"application\/json","content_length":"123"}
[2026-02-09 22:44:46] [DEBUG] socket_client.php START {"action":"upload_init"}
[2026-02-09 22:44:46] [DEBUG] Processing action {"action":"upload_init"}
[2026-02-09 22:44:46] [INFO] Checking Python service status...
[2026-02-09 22:44:46] [DEBUG] Socket available on attempt 1
[2026-02-09 22:44:46] [DEBUG] Initializing database...
[2026-02-09 22:44:46] [DEBUG] Database initialized successfully
[2026-02-09 22:44:46] [INFO] API Request START {"path":"\/api\/upload_status","method":"GET","query_string":"upload_id=af341478-011e-4b42-8418-28cf6591ac07","content_type":"N\/A","content_length":"N\/A"}
[2026-02-09 22:44:46] [DEBUG] socket_client.php START {"action":"upload_status"}
[2026-02-09 22:44:46] [DEBUG] Processing action {"action":"upload_status"}
[2026-02-09 22:44:46] [INFO] Checking Python service status...
[2026-02-09 22:44:46] [DEBUG] Socket available on attempt 1
[2026-02-09 22:44:46] [DEBUG] Initializing database...
[2026-02-09 22:44:46] [DEBUG] Database initialized successfully
[2026-02-09 22:44:46] [INFO] API Request START {"path":"\/api\/upload_complete","method":"POST","query_string":"","content_type":"application\/json","content_length":"66"}
[2026-02-09 22:44:46] [DEBUG] socket_client.php START {"action":"upload_complete"}
[2026-02-09 22:44:46] [DEBUG] Processing action {"action":"upload_complete"}
[2026-02-09 22:44:47] [INFO] Checking Python service status...
[2026-02-09 22:44:47] [DEBUG] Socket available on attempt 1
[2026-02-09 22:44:47] [DEBUG] Initializing database...
[2026-02-09 22:44:47] [DEBUG] Database initialized successfully
[2026-02-09 22:44:47] [INFO] API Request START {"path":"\/api\/documents","method":"POST","query_string":"","content_type":"application\/json","content_length":"15"}
[2026-02-09 22:44:47] [DEBUG] socket_client.php START {"action":"documents"}
[2026-02-09 22:44:47] [DEBUG] Processing action {"action":"documents"}
[2026-02-09 22:44:53] [INFO] Checking Python service status...
[2026-02-09 22:44:53] [DEBUG] Socket available on attempt 1
[2026-02-09 22:44:53] [DEBUG] Initializing database...
[2026-02-09 22:44:53] [DEBUG] Database initialized successfully
[2026-02-09 22:44:53] [INFO] Page Request: Case Detail {"case_id":1}
[2026-02-09 22:44:54] [INFO] Checking Python service status...
[2026-02-09 22:44:54] [DEBUG] Socket available on attempt 1
[2026-02-09 22:44:54] [DEBUG] Initializing database...
[2026-02-09 22:44:54] [DEBUG] Database initialized successfully
[2026-02-09 22:44:54] [INFO] API Request START {"path":"\/api\/documents","method":"POST","query_string":"","content_type":"application\/json","content_length":"15"}
[2026-02-09 22:44:54] [DEBUG] socket_client.php START {"action":"documents"}
[2026-02-09 22:44:54] [DEBUG] Processing action {"action":"documents"}
[2026-02-09 22:45:02] [INFO] Checking Python service status...
[2026-02-09 22:45:02] [DEBUG] Socket available on attempt 1
[2026-02-09 22:45:02] [DEBUG] Initializing database...
[2026-02-09 22:45:02] [DEBUG] Database initialized successfully
[2026-02-09 22:45:02] [INFO] API Request START {"path":"\/api\/upload_init","method":"POST","query_string":"","content_type":"application\/json","content_length":"114"}
[2026-02-09 22:45:02] [DEBUG] socket_client.php START {"action":"upload_init"}
[2026-02-09 22:45:02] [DEBUG] Processing action {"action":"upload_init"}
[2026-02-09 22:45:02] [INFO] Checking Python service status...
[2026-02-09 22:45:02] [DEBUG] Socket available on attempt 1
[2026-02-09 22:45:02] [DEBUG] Initializing database...
[2026-02-09 22:45:02] [DEBUG] Database initialized successfully
[2026-02-09 22:45:02] [INFO] API Request START {"path":"\/api\/upload_status","method":"GET","query_string":"upload_id=ac2f0fca-fbd6-410b-8001-bfece70de9c8","content_type":"N\/A","content_length":"N\/A"}
[2026-02-09 22:45:02] [DEBUG] socket_client.php START {"action":"upload_status"}
[2026-02-09 22:45:02] [DEBUG] Processing action {"action":"upload_status"}
[2026-02-09 22:45:02] [INFO] Checking Python service status...
[2026-02-09 22:45:02] [DEBUG] Socket available on attempt 1
[2026-02-09 22:45:02] [DEBUG] Initializing database...
[2026-02-09 22:45:02] [DEBUG] Database initialized successfully
[2026-02-09 22:45:02] [INFO] API Request START {"path":"\/api\/upload_complete","method":"POST","query_string":"","content_type":"application\/json","content_length":"66"}
[2026-02-09 22:45:02] [DEBUG] socket_client.php START {"action":"upload_complete"}
[2026-02-09 22:45:02] [DEBUG] Processing action {"action":"upload_complete"}
[2026-02-09 22:45:03] [INFO] Checking Python service status...
[2026-02-09 22:45:03] [DEBUG] Socket available on attempt 1
[2026-02-09 22:45:03] [DEBUG] Initializing database...
[2026-02-09 22:45:03] [DEBUG] Database initialized successfully
[2026-02-09 22:45:03] [INFO] API Request START {"path":"\/api\/documents","method":"POST","query_string":"","content_type":"application\/json","content_length":"15"}
[2026-02-09 22:45:03] [DEBUG] socket_client.php START {"action":"documents"}
[2026-02-09 22:45:03] [DEBUG] Processing action {"action":"documents"}
[2026-02-09 22:45:29] [INFO] Checking Python service status...
[2026-02-09 22:45:29] [DEBUG] Socket available on attempt 1
[2026-02-09 22:45:29] [DEBUG] Initializing database...
[2026-02-09 22:45:29] [DEBUG] Database initialized successfully
[2026-02-09 22:45:29] [INFO] API Request START {"path":"\/api\/search","method":"POST","query_string":"","content_type":"application\/json","content_length":"33"}
[2026-02-09 22:45:29] [DEBUG] socket_client.php START {"action":"search"}
[2026-02-09 22:45:29] [DEBUG] Processing action {"action":"search"}
[2026-02-09 22:46:04] [INFO] Checking Python service status...
[2026-02-09 22:46:04] [DEBUG] Socket available on attempt 1
[2026-02-09 22:46:04] [DEBUG] Initializing database...
[2026-02-09 22:46:04] [DEBUG] Database initialized successfully
[2026-02-09 22:46:04] [INFO] Page Request: Case Detail {"case_id":1}
[2026-02-09 22:46:04] [INFO] Checking Python service status...
[2026-02-09 22:46:04] [DEBUG] Socket available on attempt 1
[2026-02-09 22:46:04] [DEBUG] Initializing database...
[2026-02-09 22:46:05] [DEBUG] Database initialized successfully
[2026-02-09 22:46:05] [INFO] API Request START {"path":"\/api\/documents","method":"POST","query_string":"","content_type":"application\/json","content_length":"15"}
[2026-02-09 22:46:05] [DEBUG] socket_client.php START {"action":"documents"}
[2026-02-09 22:46:05] [DEBUG] Processing action {"action":"documents"}
[2026-02-09 22:50:10] [INFO] Checking Python service status...
[2026-02-09 22:50:10] [DEBUG] Socket available on attempt 1
[2026-02-09 22:50:10] [DEBUG] Initializing database...
[2026-02-09 22:50:10] [DEBUG] Database initialized successfully
[2026-02-09 22:50:10] [INFO] Page Request: Case Detail {"case_id":1}
[2026-02-09 22:50:13] [INFO] Checking Python service status...
[2026-02-09 22:50:13] [DEBUG] Socket available on attempt 1
[2026-02-09 22:50:13] [DEBUG] Initializing database...
[2026-02-09 22:50:13] [DEBUG] Database initialized successfully
[2026-02-09 22:50:13] [INFO] Page Request: Case Detail {"case_id":1}
[2026-02-09 22:50:14] [INFO] Checking Python service status...
[2026-02-09 22:50:14] [DEBUG] Socket available on attempt 1
[2026-02-09 22:50:14] [DEBUG] Initializing database...
[2026-02-09 22:50:14] [DEBUG] Database initialized successfully
[2026-02-09 22:50:14] [INFO] API Request START {"path":"\/api\/documents","method":"POST","query_string":"","content_type":"application\/json","content_length":"15"}
[2026-02-09 22:50:14] [DEBUG] socket_client.php START {"action":"documents"}
[2026-02-09 22:50:14] [DEBUG] Processing action {"action":"documents"}
[2026-02-09 22:50:21] [INFO] Checking Python service status...
[2026-02-09 22:50:21] [DEBUG] Socket available on attempt 1
[2026-02-09 22:50:21] [DEBUG] Initializing database...
[2026-02-09 22:50:21] [DEBUG] Database initialized successfully
[2026-02-09 22:50:21] [INFO] API Request START {"path":"\/api\/upload_init","method":"POST","query_string":"","content_type":"application\/json","content_length":"123"}
[2026-02-09 22:50:22] [DEBUG] socket_client.php START {"action":"upload_init"}
[2026-02-09 22:50:22] [DEBUG] Processing action {"action":"upload_init"}
[2026-02-09 22:50:22] [INFO] Checking Python service status...
[2026-02-09 22:50:22] [DEBUG] Socket available on attempt 1
[2026-02-09 22:50:22] [DEBUG] Initializing database...
[2026-02-09 22:50:22] [DEBUG] Database initialized successfully
[2026-02-09 22:50:22] [INFO] API Request START {"path":"\/api\/upload_status","method":"GET","query_string":"upload_id=e03fd631-7c7e-4ea4-8b05-ee54364588f0","content_type":"N\/A","content_length":"N\/A"}
[2026-02-09 22:50:22] [DEBUG] socket_client.php START {"action":"upload_status"}
[2026-02-09 22:50:22] [DEBUG] Processing action {"action":"upload_status"}
[2026-02-09 22:50:22] [INFO] Checking Python service status...
[2026-02-09 22:50:22] [DEBUG] Socket available on attempt 1
[2026-02-09 22:50:22] [DEBUG] Initializing database...
[2026-02-09 22:50:22] [DEBUG] Database initialized successfully
[2026-02-09 22:50:22] [INFO] API Request START {"path":"\/api\/upload_complete","method":"POST","query_string":"","content_type":"application\/json","content_length":"66"}
[2026-02-09 22:50:22] [DEBUG] socket_client.php START {"action":"upload_complete"}
[2026-02-09 22:50:22] [DEBUG] Processing action {"action":"upload_complete"}
[2026-02-09 22:50:22] [INFO] Checking Python service status...
[2026-02-09 22:50:22] [DEBUG] Socket available on attempt 1
[2026-02-09 22:50:22] [DEBUG] Initializing database...
[2026-02-09 22:50:22] [DEBUG] Database initialized successfully
[2026-02-09 22:50:22] [INFO] API Request START {"path":"\/api\/documents","method":"POST","query_string":"","content_type":"application\/json","content_length":"15"}
[2026-02-09 22:50:22] [DEBUG] socket_client.php START {"action":"documents"}
[2026-02-09 22:50:22] [DEBUG] Processing action {"action":"documents"}
[2026-02-09 22:50:46] [INFO] Checking Python service status...
[2026-02-09 22:50:46] [DEBUG] Socket available on attempt 1
[2026-02-09 22:50:46] [DEBUG] Initializing database...
[2026-02-09 22:50:46] [DEBUG] Database initialized successfully
[2026-02-09 22:50:46] [INFO] Page Request: Case Detail {"case_id":1}
[2026-02-09 22:50:47] [INFO] Checking Python service status...
[2026-02-09 22:50:47] [DEBUG] Socket available on attempt 1
[2026-02-09 22:50:47] [DEBUG] Initializing database...
[2026-02-09 22:50:47] [DEBUG] Database initialized successfully
[2026-02-09 22:50:47] [INFO] API Request START {"path":"\/api\/documents","method":"POST","query_string":"","content_type":"application\/json","content_length":"15"}
[2026-02-09 22:50:47] [DEBUG] socket_client.php START {"action":"documents"}
[2026-02-09 22:50:47] [DEBUG] Processing action {"action":"documents"}
[2026-02-09 22:53:40] [INFO] Checking Python service status...
[2026-02-09 22:53:40] [DEBUG] Socket available on attempt 1
[2026-02-09 22:53:40] [DEBUG] Initializing database...
[2026-02-09 22:53:40] [DEBUG] Database initialized successfully
[2026-02-09 22:53:40] [INFO] Page Request: Case Detail {"case_id":1}
[2026-02-09 22:53:42] [INFO] Checking Python service status...
[2026-02-09 22:53:42] [DEBUG] Socket available on attempt 1
[2026-02-09 22:53:42] [DEBUG] Initializing database...
[2026-02-09 22:53:42] [DEBUG] Database initialized successfully
[2026-02-09 22:53:42] [INFO] API Request START {"path":"\/api\/documents","method":"POST","query_string":"","content_type":"application\/json","content_length":"15"}
[2026-02-09 22:53:42] [DEBUG] socket_client.php START {"action":"documents"}
[2026-02-09 22:53:42] [DEBUG] Processing action {"action":"documents"}
