2026-02-25 00:04:26,951 - INFO - [ENV] Environment variables loaded
2026-02-25 00:04:27,385 - INFO - sqlite-vec extension loaded successfully
2026-02-25 00:04:27,386 - INFO - VSS extension available: True (Mode: vec)
INFO:     Started server process [1488557]
INFO:     Started server process [1488557]
INFO:     Waiting for application startup.
INFO:     Application startup complete.
INFO:     Waiting for application startup.
INFO:     Application startup complete.
ERROR:    [Errno 98] error while attempting to bind on address ('127.0.0.1', 8000): address already in use
INFO:     Waiting for application shutdown.
INFO:     Application shutdown complete.
INFO:     Uvicorn running on unix socket /var/www/html/kapjus.kaponline.com.br/socket/kapjus.sock (Press CTRL+C to quit)
2026-02-25 00:05:13,080 - INFO - [INVITE] Creating invitation for osvaldo@janeri.com.br
2026-02-25 00:05:13,081 - INFO - [INVITE] Returning existing pending invitation
INFO:      - "POST /invite_lawyer HTTP/1.1" 200 OK
INFO:      - "POST /access_history HTTP/1.1" 200 OK
INFO:      - "POST /invitations HTTP/1.1" 200 OK
INFO:      - "POST /access_history HTTP/1.1" 200 OK
INFO:      - "POST /documents HTTP/1.1" 200 OK
INFO:      - "POST /invitations HTTP/1.1" 200 OK
INFO:      - "POST /access_history HTTP/1.1" 200 OK
2026-02-25 00:05:33,070 - INFO - [INVITE] Creating invitation for osvaldo@janeri.com.br
2026-02-25 00:05:33,071 - INFO - [INVITE] Returning existing pending invitation
INFO:      - "POST /invite_lawyer HTTP/1.1" 200 OK
INFO:      - "POST /search HTTP/1.1" 200 OK
2026-02-25 00:06:32,476 - INFO - [ASK_IA] Requisicao recebida
2026-02-25 00:06:32,477 - INFO - [ASK_IA] Modo: HYBRID search pipeline
2026-02-25 00:06:32,477 - INFO - [EXPAND] Iniciando expansao da pergunta
INFO:      - "POST /ask_ia HTTP/1.1" 500 Internal Server Error
ERROR:    Exception in ASGI application
Traceback (most recent call last):
  File "/usr/local/lib/python3.10/dist-packages/uvicorn/protocols/http/httptools_impl.py", line 416, in run_asgi
    result = await app(  # type: ignore[func-returns-value]
  File "/usr/local/lib/python3.10/dist-packages/uvicorn/middleware/proxy_headers.py", line 60, in __call__
    return await self.app(scope, receive, send)
  File "/usr/local/lib/python3.10/dist-packages/fastapi/applications.py", line 1138, in __call__
    await super().__call__(scope, receive, send)
  File "/usr/local/lib/python3.10/dist-packages/starlette/applications.py", line 107, in __call__
    await self.middleware_stack(scope, receive, send)
  File "/usr/local/lib/python3.10/dist-packages/starlette/middleware/errors.py", line 186, in __call__
    raise exc
  File "/usr/local/lib/python3.10/dist-packages/starlette/middleware/errors.py", line 164, in __call__
    await self.app(scope, receive, _send)
  File "/usr/local/lib/python3.10/dist-packages/starlette/middleware/exceptions.py", line 63, in __call__
    await wrap_app_handling_exceptions(self.app, conn)(scope, receive, send)
  File "/usr/local/lib/python3.10/dist-packages/starlette/_exception_handler.py", line 53, in wrapped_app
    raise exc
  File "/usr/local/lib/python3.10/dist-packages/starlette/_exception_handler.py", line 42, in wrapped_app
    await app(scope, receive, sender)
  File "/usr/local/lib/python3.10/dist-packages/fastapi/middleware/asyncexitstack.py", line 18, in __call__
    await self.app(scope, receive, send)
  File "/usr/local/lib/python3.10/dist-packages/starlette/routing.py", line 716, in __call__
    await self.middleware_stack(scope, receive, send)
  File "/usr/local/lib/python3.10/dist-packages/starlette/routing.py", line 736, in app
    await route.handle(scope, receive, send)
  File "/usr/local/lib/python3.10/dist-packages/starlette/routing.py", line 290, in handle
    await self.app(scope, receive, send)
  File "/usr/local/lib/python3.10/dist-packages/fastapi/routing.py", line 121, in app
    await wrap_app_handling_exceptions(app, request)(scope, receive, send)
  File "/usr/local/lib/python3.10/dist-packages/starlette/_exception_handler.py", line 53, in wrapped_app
    raise exc
  File "/usr/local/lib/python3.10/dist-packages/starlette/_exception_handler.py", line 42, in wrapped_app
    await app(scope, receive, sender)
  File "/usr/local/lib/python3.10/dist-packages/fastapi/routing.py", line 107, in app
    response = await f(request)
  File "/usr/local/lib/python3.10/dist-packages/fastapi/routing.py", line 426, in app
    raw_response = await run_endpoint_function(
  File "/usr/local/lib/python3.10/dist-packages/fastapi/routing.py", line 314, in run_endpoint_function
    return await dependant.call(**values)
  File "/var/www/html/kapjus.kaponline.com.br/src/python/processor.py", line 1390, in ask_ia_v2
    "sources": sources,
  File "/var/www/html/kapjus.kaponline.com.br/src/python/processor.py", line 881, in expand_query
  File "/var/www/html/kapjus.kaponline.com.br/src/python/processor.py", line 862, in _is_simple_query
    tokens = question.strip().split()
NameError: name '_INTERROGATIVE_PATTERN' is not defined
2026-02-25 00:06:37,258 - INFO - [ASK_IA] Requisicao recebida
2026-02-25 00:06:37,258 - INFO - [ASK_IA] Modo: HYBRID search pipeline
2026-02-25 00:06:37,258 - INFO - [EXPAND] Iniciando expansao da pergunta
INFO:      - "POST /ask_ia HTTP/1.1" 500 Internal Server Error
ERROR:    Exception in ASGI application
Traceback (most recent call last):
  File "/usr/local/lib/python3.10/dist-packages/uvicorn/protocols/http/httptools_impl.py", line 416, in run_asgi
    result = await app(  # type: ignore[func-returns-value]
  File "/usr/local/lib/python3.10/dist-packages/uvicorn/middleware/proxy_headers.py", line 60, in __call__
    return await self.app(scope, receive, send)
  File "/usr/local/lib/python3.10/dist-packages/fastapi/applications.py", line 1138, in __call__
    await super().__call__(scope, receive, send)
  File "/usr/local/lib/python3.10/dist-packages/starlette/applications.py", line 107, in __call__
    await self.middleware_stack(scope, receive, send)
  File "/usr/local/lib/python3.10/dist-packages/starlette/middleware/errors.py", line 186, in __call__
    raise exc
  File "/usr/local/lib/python3.10/dist-packages/starlette/middleware/errors.py", line 164, in __call__
    await self.app(scope, receive, _send)
  File "/usr/local/lib/python3.10/dist-packages/starlette/middleware/exceptions.py", line 63, in __call__
    await wrap_app_handling_exceptions(self.app, conn)(scope, receive, send)
  File "/usr/local/lib/python3.10/dist-packages/starlette/_exception_handler.py", line 53, in wrapped_app
    raise exc
  File "/usr/local/lib/python3.10/dist-packages/starlette/_exception_handler.py", line 42, in wrapped_app
    await app(scope, receive, sender)
  File "/usr/local/lib/python3.10/dist-packages/fastapi/middleware/asyncexitstack.py", line 18, in __call__
    await self.app(scope, receive, send)
  File "/usr/local/lib/python3.10/dist-packages/starlette/routing.py", line 716, in __call__
    await self.middleware_stack(scope, receive, send)
  File "/usr/local/lib/python3.10/dist-packages/starlette/routing.py", line 736, in app
    await route.handle(scope, receive, send)
  File "/usr/local/lib/python3.10/dist-packages/starlette/routing.py", line 290, in handle
    await self.app(scope, receive, send)
  File "/usr/local/lib/python3.10/dist-packages/fastapi/routing.py", line 121, in app
    await wrap_app_handling_exceptions(app, request)(scope, receive, send)
  File "/usr/local/lib/python3.10/dist-packages/starlette/_exception_handler.py", line 53, in wrapped_app
    raise exc
  File "/usr/local/lib/python3.10/dist-packages/starlette/_exception_handler.py", line 42, in wrapped_app
    await app(scope, receive, sender)
  File "/usr/local/lib/python3.10/dist-packages/fastapi/routing.py", line 107, in app
    response = await f(request)
  File "/usr/local/lib/python3.10/dist-packages/fastapi/routing.py", line 426, in app
    raw_response = await run_endpoint_function(
  File "/usr/local/lib/python3.10/dist-packages/fastapi/routing.py", line 314, in run_endpoint_function
    return await dependant.call(**values)
  File "/var/www/html/kapjus.kaponline.com.br/src/python/processor.py", line 1390, in ask_ia_v2
    "sources": sources,
  File "/var/www/html/kapjus.kaponline.com.br/src/python/processor.py", line 881, in expand_query
  File "/var/www/html/kapjus.kaponline.com.br/src/python/processor.py", line 862, in _is_simple_query
    tokens = question.strip().split()
NameError: name '_INTERROGATIVE_PATTERN' is not defined
INFO:      - "POST /documents HTTP/1.1" 200 OK
2026-02-25 00:06:55,810 - INFO - [ASK_IA] Requisicao recebida
2026-02-25 00:06:55,810 - INFO - [ASK_IA] Modo: HYBRID search pipeline
2026-02-25 00:06:55,810 - INFO - [EXPAND] Iniciando expansao da pergunta
INFO:      - "POST /ask_ia HTTP/1.1" 500 Internal Server Error
ERROR:    Exception in ASGI application
Traceback (most recent call last):
  File "/usr/local/lib/python3.10/dist-packages/uvicorn/protocols/http/httptools_impl.py", line 416, in run_asgi
    result = await app(  # type: ignore[func-returns-value]
  File "/usr/local/lib/python3.10/dist-packages/uvicorn/middleware/proxy_headers.py", line 60, in __call__
    return await self.app(scope, receive, send)
  File "/usr/local/lib/python3.10/dist-packages/fastapi/applications.py", line 1138, in __call__
    await super().__call__(scope, receive, send)
  File "/usr/local/lib/python3.10/dist-packages/starlette/applications.py", line 107, in __call__
    await self.middleware_stack(scope, receive, send)
  File "/usr/local/lib/python3.10/dist-packages/starlette/middleware/errors.py", line 186, in __call__
    raise exc
  File "/usr/local/lib/python3.10/dist-packages/starlette/middleware/errors.py", line 164, in __call__
    await self.app(scope, receive, _send)
  File "/usr/local/lib/python3.10/dist-packages/starlette/middleware/exceptions.py", line 63, in __call__
    await wrap_app_handling_exceptions(self.app, conn)(scope, receive, send)
  File "/usr/local/lib/python3.10/dist-packages/starlette/_exception_handler.py", line 53, in wrapped_app
    raise exc
  File "/usr/local/lib/python3.10/dist-packages/starlette/_exception_handler.py", line 42, in wrapped_app
    await app(scope, receive, sender)
  File "/usr/local/lib/python3.10/dist-packages/fastapi/middleware/asyncexitstack.py", line 18, in __call__
    await self.app(scope, receive, send)
  File "/usr/local/lib/python3.10/dist-packages/starlette/routing.py", line 716, in __call__
    await self.middleware_stack(scope, receive, send)
  File "/usr/local/lib/python3.10/dist-packages/starlette/routing.py", line 736, in app
    await route.handle(scope, receive, send)
  File "/usr/local/lib/python3.10/dist-packages/starlette/routing.py", line 290, in handle
    await self.app(scope, receive, send)
  File "/usr/local/lib/python3.10/dist-packages/fastapi/routing.py", line 121, in app
    await wrap_app_handling_exceptions(app, request)(scope, receive, send)
  File "/usr/local/lib/python3.10/dist-packages/starlette/_exception_handler.py", line 53, in wrapped_app
    raise exc
  File "/usr/local/lib/python3.10/dist-packages/starlette/_exception_handler.py", line 42, in wrapped_app
    await app(scope, receive, sender)
  File "/usr/local/lib/python3.10/dist-packages/fastapi/routing.py", line 107, in app
    response = await f(request)
  File "/usr/local/lib/python3.10/dist-packages/fastapi/routing.py", line 426, in app
    raw_response = await run_endpoint_function(
  File "/usr/local/lib/python3.10/dist-packages/fastapi/routing.py", line 314, in run_endpoint_function
    return await dependant.call(**values)
  File "/var/www/html/kapjus.kaponline.com.br/src/python/processor.py", line 1390, in ask_ia_v2
    "sources": sources,
  File "/var/www/html/kapjus.kaponline.com.br/src/python/processor.py", line 881, in expand_query
  File "/var/www/html/kapjus.kaponline.com.br/src/python/processor.py", line 862, in _is_simple_query
    tokens = question.strip().split()
NameError: name '_INTERROGATIVE_PATTERN' is not defined
